2024-07-18 00:53:48.297 [info] Added views:workbench.panel.markers.view in workbench.panel.markers
2024-07-18 00:53:48.297 [info] Added views:workbench.panel.output in workbench.panel.output
2024-07-18 00:53:48.297 [info] Added views:terminal in terminal
2024-07-18 00:53:48.297 [info] Added views:outline in workbench.view.explorer
2024-07-18 00:53:48.297 [info] Added views:workbench.scm in workbench.view.scm
2024-07-18 00:53:48.297 [info] Added views:workbench.view.search in workbench.view.search
2024-07-18 00:53:48.297 [info] Added views:timeline in workbench.view.explorer
2024-07-18 00:53:48.297 [info] Added views:workbench.explorer.emptyView in workbench.view.explorer
2024-07-18 00:53:48.921 [info] Added views:workbench.debug.variablesView,workbench.debug.watchExpressionsView,workbench.debug.callStackView,workbench.debug.breakPointsView in workbench.view.debug
2024-07-18 00:53:50.805 [info] Added views:workbench.panel.repl.view in workbench.panel.repl
2024-07-18 00:53:50.807 [info] Removed views:workbench.debug.breakPointsView,workbench.debug.callStackView,workbench.debug.watchExpressionsView,workbench.debug.variablesView from workbench.view.debug
2024-07-18 00:53:50.808 [info] Added views:workbench.debug.welcome in workbench.view.debug
2024-07-18 00:53:51.677 [info] Added views:~remote.forwardedPorts in ~remote.forwardedPortsContainer
2024-07-18 00:54:12.508 [info] Added views:workbench.views.extensions.installed,workbench.views.extensions.popular,extensions.recommendedList in workbench.view.extensions
2024-07-18 00:54:12.515 [info] Removed views:workbench.views.extensions.popular from workbench.view.extensions
2024-07-18 00:54:15.072 [info] Removed views:extensions.recommendedList,workbench.views.extensions.installed from workbench.view.extensions
2024-07-18 00:54:15.097 [info] Added views:workbench.views.extensions.marketplace in workbench.view.extensions
2024-07-18 00:58:20.010 [info] Added views:workbench.panel.markers.view in workbench.panel.markers
2024-07-18 00:58:20.010 [info] Added views:workbench.panel.output in workbench.panel.output
2024-07-18 00:58:20.010 [info] Added views:terminal in terminal
2024-07-18 00:58:20.010 [info] Added views:outline in workbench.view.explorer
2024-07-18 00:58:20.010 [info] Added views:workbench.scm in workbench.view.scm
2024-07-18 00:58:20.010 [info] Added views:workbench.view.search in workbench.view.search
2024-07-18 00:58:20.010 [info] Added views:timeline in workbench.view.explorer
2024-07-18 00:58:20.010 [info] Added views:workbench.explorer.emptyView in workbench.view.explorer
2024-07-18 00:58:21.575 [info] Added views:workbench.debug.welcome in workbench.view.debug
2024-07-18 00:58:21.669 [info] Added views:workbench.panel.repl.view in workbench.panel.repl
2024-07-18 00:58:23.053 [info] Added views:~remote.forwardedPorts in ~remote.forwardedPortsContainer
