2024-07-15 07:20:29 Loading main app package /usr/lib/obsidian/obsidian.asar
2024-07-15 07:20:29 Checking for update using Github
2024-07-15 07:20:31 Success.
2024-07-15 07:20:31 Latest version is 1.6.5
2024-07-15 07:20:31 App is up to date.
2024-07-15 07:40:03 Loading main app package /usr/lib/obsidian/obsidian.asar
2024-07-15 07:40:05 Checking for update using Github
2024-07-15 07:40:06 Success.
2024-07-15 07:40:06 Latest version is 1.6.5
2024-07-15 07:40:06 App is up to date.
2024-07-17 06:19:03 Loading main app package /usr/lib/obsidian/obsidian.asar
2024-07-17 06:19:07 Checking for update using Github
2024-07-17 06:19:10 Success.
2024-07-17 06:19:10 Latest version is 1.6.5
2024-07-17 06:19:10 App is up to date.
2024-07-17 06:30:22 Loading main app package /usr/lib/obsidian/obsidian.asar
2024-07-17 06:30:22 Checking for update using Github
2024-07-17 06:30:22 Success.
2024-07-17 06:30:22 Latest version is 1.6.5
2024-07-17 06:30:22 App is up to date.
2024-07-17 06:35:04 Loading main app package /usr/lib/obsidian/obsidian.asar
2024-07-17 06:35:04 Checking for update using Github
2024-07-17 06:35:04 Success.
2024-07-17 06:35:04 Latest version is 1.6.5
2024-07-17 06:35:04 App is up to date.
2024-07-17 10:14:52 Loading main app package /usr/lib/obsidian/obsidian.asar
2024-07-17 10:15:01 Checking for update using Github
2024-07-17 10:15:03 Success.
2024-07-17 10:15:03 Latest version is 1.6.5
2024-07-17 10:15:03 App is up to date.
2024-07-17 17:42:32 Loading main app package /usr/lib/obsidian/obsidian.asar
2024-07-17 17:42:38 Checking for update using Github
2024-07-17 17:42:40 Success.
2024-07-17 17:42:40 Latest version is 1.6.5
2024-07-17 17:42:40 App is up to date.
2024-07-18 15:29:13 Loading main app package /usr/lib/obsidian/obsidian.asar
2024-07-18 15:29:47 Checking for update using Github
2024-07-18 15:29:51 Success.
2024-07-18 15:29:51 Latest version is 1.6.7
2024-07-18 15:29:51 Downloading update from https://github.com/obsidianmd/obsidian-releases/releases/download/v1.6.7/obsidian-1.6.7.asar.gz
2024-07-18 15:29:53 Verifying hash & signature. Size= 7993245
2024-07-18 15:29:53 Saving file
2024-07-18 15:29:53 Update complete.
2024-07-19 05:53:23 Loading updated app package /home/sazix/.config/obsidian/obsidian-1.6.7.asar
2024-07-19 05:53:27 Checking for update using Github
2024-07-19 05:53:29 Success.
2024-07-19 05:53:29 Latest version is 1.6.7
2024-07-19 05:53:29 App is up to date.
2024-07-19 05:56:15 Loading updated app package /home/sazix/.config/obsidian/obsidian-1.6.7.asar
2024-07-19 05:56:15 Checking for update using Github
2024-07-19 05:56:15 Success.
2024-07-19 05:56:15 Latest version is 1.6.7
2024-07-19 05:56:15 App is up to date.
2024-07-19 06:01:33 Loading updated app package /home/sazix/.config/obsidian/obsidian-1.6.7.asar
2024-07-19 06:01:33 Checking for update using Github
2024-07-19 06:01:34 Success.
2024-07-19 06:01:34 Latest version is 1.6.7
2024-07-19 06:01:34 App is up to date.
2024-07-19 06:04:20 Loading updated app package /home/sazix/.config/obsidian/obsidian-1.6.7.asar
2024-07-19 06:04:21 Checking for update using Github
2024-07-19 06:04:21 Success.
2024-07-19 06:04:21 Latest version is 1.6.7
2024-07-19 06:04:21 App is up to date.
2024-07-19 06:13:23 Loading updated app package /home/sazix/.config/obsidian/obsidian-1.6.7.asar
2024-07-19 06:13:23 Checking for update using Github
2024-07-19 06:13:23 Success.
2024-07-19 06:13:23 Latest version is 1.6.7
2024-07-19 06:13:23 App is up to date.
2024-07-19 06:16:18 Loading updated app package /home/sazix/.config/obsidian/obsidian-1.6.7.asar
2024-07-19 06:16:18 Checking for update using Github
2024-07-19 06:16:18 Success.
2024-07-19 06:16:18 Latest version is 1.6.7
2024-07-19 06:16:18 App is up to date.
2024-07-19 06:21:14 Loading updated app package /home/sazix/.config/obsidian/obsidian-1.6.7.asar
2024-07-19 06:21:14 Checking for update using Github
2024-07-19 06:21:15 Success.
2024-07-19 06:21:15 Latest version is 1.6.7
2024-07-19 06:21:15 App is up to date.
2024-07-19 16:37:29 Loading updated app package /home/sazix/.config/obsidian/obsidian-1.6.7.asar
2024-07-19 16:38:08 Checking for update using Github
2024-07-19 16:38:12 Success.
2024-07-19 16:38:12 Latest version is 1.6.7
2024-07-19 16:38:12 App is up to date.
2024-07-22 08:40:23 Loading main app package /usr/lib/obsidian/obsidian.asar
2024-07-22 08:40:26 Checking for update using Github
2024-07-22 08:40:28 Success.
2024-07-22 08:40:28 Latest version is 1.6.7
2024-07-22 08:40:28 App is up to date.
2024-07-22 08:41:03 Loading main app package /usr/lib/obsidian/obsidian.asar
2024-07-22 08:41:03 Checking for update using Github
2024-07-22 08:41:03 Success.
2024-07-22 08:41:03 Latest version is 1.6.7
2024-07-22 08:41:03 App is up to date.
2024-07-22 08:42:36 Loading main app package /usr/lib/obsidian/obsidian.asar
2024-07-22 08:42:36 Checking for update using Github
2024-07-22 08:42:36 Success.
2024-07-22 08:42:36 Latest version is 1.6.7
2024-07-22 08:42:36 App is up to date.
