2024-07-18 00:53:50.375 [info] Extension host with pid 6639 started
2024-07-18 00:53:50.799 [info] ExtensionService#_doActivateExtension vscode.emmet, startup: false, activationEvent: 'onLanguage'
2024-07-18 00:53:50.801 [info] ExtensionService#_doActivateExtension vscode.configuration-editing, startup: false, activationEvent: 'onLanguage:jsonc'
2024-07-18 00:53:50.802 [info] ExtensionService#_doActivateExtension vscode.json-language-features, startup: false, activationEvent: 'onLanguage:jsonc'
2024-07-18 00:53:50.804 [info] ExtensionService#_doActivateExtension vscode.typescript-language-features, startup: false, activationEvent: 'onLanguage:jsonc'
2024-07-18 00:53:51.537 [info] ExtensionService#_doActivateExtension vscode.git-base, startup: true, activationEvent: '*'
2024-07-18 00:53:51.594 [info] ExtensionService#_doActivateExtension vscode.github, startup: true, activationEvent: '*'
2024-07-18 00:53:51.625 [info] Eager extensions activated
2024-07-18 00:53:51.632 [info] ExtensionService#_doActivateExtension vscode.debug-auto-launch, startup: false, activationEvent: 'onStartupFinished'
2024-07-18 00:53:51.633 [info] ExtensionService#_doActivateExtension vscode.merge-conflict, startup: false, activationEvent: 'onStartupFinished'
2024-07-18 00:54:04.340 [info] ExtensionService#_doActivateExtension vscode.git, startup: false, activationEvent: 'api', root cause: vscode.github
2024-07-18 00:58:17.602 [info] Extension host terminating: renderer closed the MessagePort
2024-07-18 00:58:17.615 [info] Extension host with pid 6639 exiting with code 0
2024-07-18 00:58:21.539 [info] Extension host with pid 7073 started
2024-07-18 00:58:21.666 [info] ExtensionService#_doActivateExtension vscode.emmet, startup: false, activationEvent: 'onLanguage'
2024-07-18 00:58:21.815 [info] ExtensionService#_doActivateExtension vscode.git-base, startup: true, activationEvent: '*', root cause: vscode.git
2024-07-18 00:58:21.838 [info] ExtensionService#_doActivateExtension vscode.git, startup: true, activationEvent: '*'
2024-07-18 00:58:21.839 [info] ExtensionService#_doActivateExtension vscode.github, startup: true, activationEvent: '*'
2024-07-18 00:58:22.048 [info] Eager extensions activated
2024-07-18 00:58:22.215 [info] ExtensionService#_doActivateExtension vscode.debug-auto-launch, startup: false, activationEvent: 'onStartupFinished'
2024-07-18 00:58:22.217 [info] ExtensionService#_doActivateExtension vscode.merge-conflict, startup: false, activationEvent: 'onStartupFinished'
2024-07-18 00:58:43.810 [info] Extension host terminating: renderer closed the MessagePort
2024-07-18 00:58:43.827 [info] Extension host with pid 7073 exiting with code 0
